<?xml version="1.0" encoding="UTF-8"?>
<testsuite xmlns:xsi="http://www.w3.org/2001/XMLSchema-instance" xsi:noNamespaceSchemaLocation="https://maven.apache.org/surefire/maven-surefire-plugin/xsd/surefire-test-report-3.0.xsd" version="3.0" name="com.example.PracticeAutomation.BrokenLinks" time="0.076" tests="1" errors="0" skipped="0" failures="1">
  <properties>
[...]
</properties>
  <testcase name="testBrokenLinks" classname="com.example.PracticeAutomation.BrokenLinks" time="0.06">
    <failure message="Multiple Failures (2 failures)&#10;	org.openqa.selenium.remote.NoSuchDriverException: chromedriver located at C:\Program Files\Java\chromedriver.exe, but invalid&#10;For documentation on this error, please visit: https://www.selenium.dev/documentation/webdriver/troubleshooting/errors/driver_location/&#10;Build info: version: &apos;4.16.1&apos;, revision: &apos;9b4c83354e&apos;&#10;System info: os.name: &apos;Windows 11&apos;, os.arch: &apos;amd64&apos;, os.version: &apos;10.0&apos;, java.version: &apos;23.0.1&apos;&#10;Driver info: driver.version: ChromeDriver&#10;	java.lang.NullPointerException: Cannot invoke &quot;org.openqa.selenium.WebDriver.quit()&quot; because &quot;this.driver&quot; is null" type="org.opentest4j.MultipleFailuresError"><![CDATA[org.opentest4j.MultipleFailuresError: 
Multiple Failures (2 failures)
	org.openqa.selenium.remote.NoSuchDriverException: chromedriver located at C:\Program Files\Java\chromedriver.exe, but invalid
For documentation on this error, please visit: https://www.selenium.dev/documentation/webdriver/troubleshooting/errors/driver_location/
Build info: version: '4.16.1', revision: '9b4c83354e'
System info: os.name: 'Windows 11', os.arch: 'amd64', os.version: '10.0', java.version: '23.0.1'
Driver info: driver.version: ChromeDriver
	java.lang.NullPointerException: Cannot invoke "org.openqa.selenium.WebDriver.quit()" because "this.driver" is null
	at org.junit.vintage.engine.execution.TestRun.getStoredResultOrSuccessful(TestRun.java:196)
	at org.junit.vintage.engine.execution.RunListenerAdapter.fireExecutionFinished(RunListenerAdapter.java:226)
	at org.junit.vintage.engine.execution.RunListenerAdapter.testFinished(RunListenerAdapter.java:192)
	at org.junit.vintage.engine.execution.RunListenerAdapter.testFinished(RunListenerAdapter.java:79)
	at org.junit.runner.notification.SynchronizedRunListener.testFinished(SynchronizedRunListener.java:87)
	at org.junit.runner.notification.RunNotifier$9.notifyListener(RunNotifier.java:225)
	at org.junit.runner.notification.RunNotifier$SafeNotifier.run(RunNotifier.java:72)
	at org.junit.runner.notification.RunNotifier.fireTestFinished(RunNotifier.java:222)
	at org.junit.internal.runners.model.EachTestNotifier.fireTestFinished(EachTestNotifier.java:38)
	at org.junit.runners.ParentRunner.runLeaf(ParentRunner.java:372)
	at org.junit.runners.BlockJUnit4ClassRunner.runChild(BlockJUnit4ClassRunner.java:103)
	at org.junit.runners.BlockJUnit4ClassRunner.runChild(BlockJUnit4ClassRunner.java:63)
	at org.junit.runners.ParentRunner$4.run(ParentRunner.java:331)
	at org.junit.runners.ParentRunner$1.schedule(ParentRunner.java:79)
	at org.junit.runners.ParentRunner.runChildren(ParentRunner.java:329)
	at org.junit.runners.ParentRunner.access$100(ParentRunner.java:66)
	at org.junit.runners.ParentRunner$2.evaluate(ParentRunner.java:293)
	at org.junit.runners.ParentRunner$3.evaluate(ParentRunner.java:306)
	at org.junit.runners.ParentRunner.run(ParentRunner.java:413)
	at org.junit.runners.Suite.runChild(Suite.java:128)
	at org.junit.runners.Suite.runChild(Suite.java:27)
	at org.junit.runners.ParentRunner$4.run(ParentRunner.java:331)
	at org.junit.runners.ParentRunner$1.schedule(ParentRunner.java:79)
	at org.junit.runners.ParentRunner.runChildren(ParentRunner.java:329)
	at org.junit.runners.ParentRunner.access$100(ParentRunner.java:66)
	at org.junit.runners.ParentRunner$2.evaluate(ParentRunner.java:293)
	at org.junit.runners.ParentRunner$3.evaluate(ParentRunner.java:306)
	at org.junit.runners.ParentRunner.run(ParentRunner.java:413)
	at org.junit.runner.JUnitCore.run(JUnitCore.java:137)
	at org.junit.runner.JUnitCore.run(JUnitCore.java:115)
	at org.junit.vintage.engine.execution.RunnerExecutor.execute(RunnerExecutor.java:42)
	at org.junit.vintage.engine.VintageTestEngine.executeAllChildren(VintageTestEngine.java:80)
	at org.junit.vintage.engine.VintageTestEngine.execute(VintageTestEngine.java:72)
	at org.junit.platform.launcher.core.EngineExecutionOrchestrator.execute(EngineExecutionOrchestrator.java:107)
	at org.junit.platform.launcher.core.EngineExecutionOrchestrator.execute(EngineExecutionOrchestrator.java:88)
	at org.junit.platform.launcher.core.EngineExecutionOrchestrator.lambda$execute$0(EngineExecutionOrchestrator.java:54)
	at org.junit.platform.launcher.core.EngineExecutionOrchestrator.withInterceptedStreams(EngineExecutionOrchestrator.java:67)
	at org.junit.platform.launcher.core.EngineExecutionOrchestrator.execute(EngineExecutionOrchestrator.java:52)
	at org.junit.platform.launcher.core.DefaultLauncher.execute(DefaultLauncher.java:114)
	at org.junit.platform.launcher.core.DefaultLauncher.execute(DefaultLauncher.java:86)
	at org.junit.platform.launcher.core.DefaultLauncherSession$DelegatingLauncher.execute(DefaultLauncherSession.java:86)
	at org.apache.maven.surefire.junitplatform.LazyLauncher.execute(LazyLauncher.java:56)
	at org.apache.maven.surefire.junitplatform.JUnitPlatformProvider.execute(JUnitPlatformProvider.java:184)
	at org.apache.maven.surefire.junitplatform.JUnitPlatformProvider.invokeAllTests(JUnitPlatformProvider.java:148)
	at org.apache.maven.surefire.junitplatform.JUnitPlatformProvider.invoke(JUnitPlatformProvider.java:122)
	at org.apache.maven.surefire.booter.ForkedBooter.runSuitesInProcess(ForkedBooter.java:385)
	at org.apache.maven.surefire.booter.ForkedBooter.execute(ForkedBooter.java:162)
	at org.apache.maven.surefire.booter.ForkedBooter.run(ForkedBooter.java:507)
	at org.apache.maven.surefire.booter.ForkedBooter.main(ForkedBooter.java:495)
	Suppressed: org.openqa.selenium.remote.NoSuchDriverException: chromedriver located at C:\Program Files\Java\chromedriver.exe, but invalid
For documentation on this error, please visit: https://www.selenium.dev/documentation/webdriver/troubleshooting/errors/driver_location/
Build info: version: '4.16.1', revision: '9b4c83354e'
System info: os.name: 'Windows 11', os.arch: 'amd64', os.version: '10.0', java.version: '23.0.1'
Driver info: driver.version: ChromeDriver
		at org.openqa.selenium.remote.service.DriverFinder.getPath(DriverFinder.java:45)
		at org.openqa.selenium.remote.service.DriverFinder.getPath(DriverFinder.java:13)
		at org.openqa.selenium.chrome.ChromeDriver.generateExecutor(ChromeDriver.java:100)
		at org.openqa.selenium.chrome.ChromeDriver.<init>(ChromeDriver.java:89)
		at org.openqa.selenium.chrome.ChromeDriver.<init>(ChromeDriver.java:84)
		at org.openqa.selenium.chrome.ChromeDriver.<init>(ChromeDriver.java:73)
		at com.example.PracticeAutomation.BrokenLinks.setUp(BrokenLinks.java:35)
		at java.base/jdk.internal.reflect.DirectMethodHandleAccessor.invoke(DirectMethodHandleAccessor.java:103)
		at java.base/java.lang.reflect.Method.invoke(Method.java:580)
		at org.junit.runners.model.FrameworkMethod$1.runReflectiveCall(FrameworkMethod.java:59)
		at org.junit.internal.runners.model.ReflectiveCallable.run(ReflectiveCallable.java:12)
		at org.junit.runners.model.FrameworkMethod.invokeExplosively(FrameworkMethod.java:56)
		at org.junit.internal.runners.statements.RunBefores.invokeMethod(RunBefores.java:33)
		at org.junit.internal.runners.statements.RunBefores.evaluate(RunBefores.java:24)
		at org.junit.internal.runners.statements.RunAfters.evaluate(RunAfters.java:27)
		at org.junit.runners.ParentRunner$3.evaluate(ParentRunner.java:306)
		at org.junit.runners.BlockJUnit4ClassRunner$1.evaluate(BlockJUnit4ClassRunner.java:100)
		at org.junit.runners.ParentRunner.runLeaf(ParentRunner.java:366)
		... 39 more
	Suppressed: java.lang.NullPointerException: Cannot invoke "org.openqa.selenium.WebDriver.quit()" because "this.driver" is null
		at com.example.PracticeAutomation.BrokenLinks.tearDown(BrokenLinks.java:120)
		at java.base/jdk.internal.reflect.DirectMethodHandleAccessor.invoke(DirectMethodHandleAccessor.java:103)
		at java.base/java.lang.reflect.Method.invoke(Method.java:580)
		at org.junit.runners.model.FrameworkMethod$1.runReflectiveCall(FrameworkMethod.java:59)
		at org.junit.internal.runners.model.ReflectiveCallable.run(ReflectiveCallable.java:12)
		at org.junit.runners.model.FrameworkMethod.invokeExplosively(FrameworkMethod.java:56)
		at org.junit.internal.runners.statements.RunAfters.invokeMethod(RunAfters.java:46)
		at org.junit.internal.runners.statements.RunAfters.evaluate(RunAfters.java:33)
		at org.junit.runners.ParentRunner$3.evaluate(ParentRunner.java:306)
		at org.junit.runners.BlockJUnit4ClassRunner$1.evaluate(BlockJUnit4ClassRunner.java:100)
		at org.junit.runners.ParentRunner.runLeaf(ParentRunner.java:366)
		... 39 more
]]></failure>
  </testcase>
</testsuite>